<?xml version="1.0" encoding="UTF-8"?>
<testng-results ignored="0" total="1" passed="1" failed="0" skipped="0">
  <reporter-output>
  </reporter-output>
  <suite started-at="2023-11-29T00:42:20Z" name="inetBankingV1" finished-at="2023-11-29T00:42:38Z" duration-ms="18706">
    <groups>
    </groups>
    <test started-at="2023-11-29T00:42:20Z" name="BankingApp Test" finished-at="2023-11-29T00:42:38Z" duration-ms="18706">
      <class name="com.inetBanking.testCases.TC_AddCustomerTest_003">
        <test-method is-config="true" signature="setup(java.lang.String)[pri:0, instance:com.inetBanking.testCases.TC_AddCustomerTest_003@670002]" started-at="2023-11-29T00:42:20Z" name="setup" finished-at="2023-11-29T00:42:22Z" duration-ms="2255" status="PASS">
          <params>
            <param index="0">
              <value>
                <![CDATA[chrome]]>
              </value>
            </param>
          </params>
          <reporter-output>
          </reporter-output>
        </test-method> <!-- setup -->
        <test-method signature="addNewCustomer()[pri:0, instance:com.inetBanking.testCases.TC_AddCustomerTest_003@670002]" started-at="2023-11-29T00:42:22Z" name="addNewCustomer" finished-at="2023-11-29T00:42:38Z" duration-ms="16176" status="PASS">
          <reporter-output>
          </reporter-output>
        </test-method> <!-- addNewCustomer -->
        <test-method is-config="true" signature="tearDown()[pri:0, instance:com.inetBanking.testCases.TC_AddCustomerTest_003@670002]" started-at="2023-11-29T00:42:38Z" name="tearDown" finished-at="2023-11-29T00:42:38Z" duration-ms="139" status="PASS">
          <reporter-output>
          </reporter-output>
        </test-method> <!-- tearDown -->
      </class> <!-- com.inetBanking.testCases.TC_AddCustomerTest_003 -->
    </test> <!-- BankingApp Test -->
  </suite> <!-- inetBankingV1 -->
</testng-results>
